Arguments: 
  C:\Program Files\nodejs\node.exe C:\Program Files (x86)\Yarn\bin\yarn.js add axios react-chartjs-2 react-coutup

PATH: 
  C:\Python27\;C:\Python27\Scripts;C:\Windows\System32;C:\ProgramData\chocolatey\bin;C:\Program Files\Git\cmd\;C:\Program Files\MongoDB\Server\4.2\bin;C:\Program Files\heroku\bin;C:\Program Files\nodejs\;C:\Program Files (x86)\Yarn\bin\;C:\Python27\;C:\Python27\Scripts;C:\Windows\System32;C:\Program Files\nodejs\;C:\ProgramData\chocolatey\bin;C:\Program Files\Git\cmd\;C:\Program Files\MongoDB\Server\4.2\bin;C:\Users\Mitsuko\AppData\Local\Programs\Microsoft VS Code\bin;C:\Program Files\heroku\bin;C:\Program Files\heroku\bin;C:\Users\Mitsuko\AppData\Roaming\npm;C:\Users\Mitsuko\AppData\Local\Yarn\bin

Yarn version: 
  1.22.4

Node version: 
  12.16.3

Platform: 
  win32 x64

Trace: 
  Error: https://registry.yarnpkg.com/react-coutup: Not found
      at Request.params.callback [as _callback] (C:\Program Files (x86)\Yarn\lib\cli.js:66096:18)
      at Request.self.callback (C:\Program Files (x86)\Yarn\lib\cli.js:140748:22)
      at Request.emit (events.js:310:20)
      at Request.<anonymous> (C:\Program Files (x86)\Yarn\lib\cli.js:141720:10)
      at Request.emit (events.js:310:20)
      at IncomingMessage.<anonymous> (C:\Program Files (x86)\Yarn\lib\cli.js:141642:12)
      at Object.onceWrapper (events.js:416:28)
      at IncomingMessage.emit (events.js:322:22)
      at endReadableNT (_stream_readable.js:1187:12)
      at processTicksAndRejections (internal/process/task_queues.js:84:21)

npm manifest: 
  No manifest

yarn manifest: 
  No manifest

Lockfile: 
  No lockfile
